<?xml version="1.0" encoding="UTF-8"?>
<!-- Generated by org.testng.reporters.JUnitReportReporter -->
<testsuite skipped="0" hostname="LAPTOP-3V10EK2N" name="com.fruitkart.main" tests="1" failures="0" timestamp="2020-05-02T18:26:11 CDT" time="0.001" errors="0">
  <testcase name="maintest" time="0.001" classname="com.fruitkart.main"/>
  <system-out/>
</testsuite> <!-- com.fruitkart.main -->
